mode: set
github.com/bobz965/kube-ovn-operator/internal/controller/dump.go:9.41,11.16 2 0
github.com/bobz965/kube-ovn-operator/internal/controller/dump.go:11.16,13.3 1 0
github.com/bobz965/kube-ovn-operator/internal/controller/dump.go:14.2,14.23 1 0
github.com/bobz965/kube-ovn-operator/internal/controller/stats.go:35.13,40.2 4 1
github.com/bobz965/kube-ovn-operator/internal/controller/vpngw_controller.go:75.89,76.26 1 0
github.com/bobz965/kube-ovn-operator/internal/controller/vpngw_controller.go:76.26,80.3 3 0
github.com/bobz965/kube-ovn-operator/internal/controller/vpngw_controller.go:81.2,81.22 1 0
github.com/bobz965/kube-ovn-operator/internal/controller/vpngw_controller.go:81.22,83.3 1 0
github.com/bobz965/kube-ovn-operator/internal/controller/vpngw_controller.go:84.2,84.50 1 0
github.com/bobz965/kube-ovn-operator/internal/controller/vpngw_controller.go:84.50,88.3 3 0
github.com/bobz965/kube-ovn-operator/internal/controller/vpngw_controller.go:89.2,89.26 1 0
github.com/bobz965/kube-ovn-operator/internal/controller/vpngw_controller.go:89.26,90.31 1 0
github.com/bobz965/kube-ovn-operator/internal/controller/vpngw_controller.go:90.31,94.4 3 0
github.com/bobz965/kube-ovn-operator/internal/controller/vpngw_controller.go:95.3,95.30 1 0
github.com/bobz965/kube-ovn-operator/internal/controller/vpngw_controller.go:95.30,99.4 3 0
github.com/bobz965/kube-ovn-operator/internal/controller/vpngw_controller.go:100.3,100.28 1 0
github.com/bobz965/kube-ovn-operator/internal/controller/vpngw_controller.go:100.28,104.4 3 0
github.com/bobz965/kube-ovn-operator/internal/controller/vpngw_controller.go:105.3,105.35 1 0
github.com/bobz965/kube-ovn-operator/internal/controller/vpngw_controller.go:105.35,109.4 3 0
github.com/bobz965/kube-ovn-operator/internal/controller/vpngw_controller.go:110.3,110.63 1 0
github.com/bobz965/kube-ovn-operator/internal/controller/vpngw_controller.go:110.63,114.4 3 0
github.com/bobz965/kube-ovn-operator/internal/controller/vpngw_controller.go:115.3,115.32 1 0
github.com/bobz965/kube-ovn-operator/internal/controller/vpngw_controller.go:115.32,119.4 3 0
github.com/bobz965/kube-ovn-operator/internal/controller/vpngw_controller.go:121.2,121.12 1 0
github.com/bobz965/kube-ovn-operator/internal/controller/vpngw_controller.go:124.61,125.52 1 0
github.com/bobz965/kube-ovn-operator/internal/controller/vpngw_controller.go:125.52,129.3 2 0
github.com/bobz965/kube-ovn-operator/internal/controller/vpngw_controller.go:130.2,130.32 1 0
github.com/bobz965/kube-ovn-operator/internal/controller/vpngw_controller.go:130.32,133.3 2 0
github.com/bobz965/kube-ovn-operator/internal/controller/vpngw_controller.go:134.2,134.44 1 0
github.com/bobz965/kube-ovn-operator/internal/controller/vpngw_controller.go:134.44,137.3 2 0
github.com/bobz965/kube-ovn-operator/internal/controller/vpngw_controller.go:138.2,138.52 1 0
github.com/bobz965/kube-ovn-operator/internal/controller/vpngw_controller.go:138.52,141.3 2 0
github.com/bobz965/kube-ovn-operator/internal/controller/vpngw_controller.go:142.2,142.56 1 0
github.com/bobz965/kube-ovn-operator/internal/controller/vpngw_controller.go:142.56,145.3 2 0
github.com/bobz965/kube-ovn-operator/internal/controller/vpngw_controller.go:146.2,146.48 1 0
github.com/bobz965/kube-ovn-operator/internal/controller/vpngw_controller.go:146.48,149.3 2 0
github.com/bobz965/kube-ovn-operator/internal/controller/vpngw_controller.go:150.2,150.46 1 0
github.com/bobz965/kube-ovn-operator/internal/controller/vpngw_controller.go:150.46,153.3 2 0
github.com/bobz965/kube-ovn-operator/internal/controller/vpngw_controller.go:154.2,154.44 1 0
github.com/bobz965/kube-ovn-operator/internal/controller/vpngw_controller.go:154.44,157.3 2 0
github.com/bobz965/kube-ovn-operator/internal/controller/vpngw_controller.go:158.2,158.56 1 0
github.com/bobz965/kube-ovn-operator/internal/controller/vpngw_controller.go:158.56,161.3 2 0
github.com/bobz965/kube-ovn-operator/internal/controller/vpngw_controller.go:162.2,162.62 1 0
github.com/bobz965/kube-ovn-operator/internal/controller/vpngw_controller.go:162.62,165.3 2 0
github.com/bobz965/kube-ovn-operator/internal/controller/vpngw_controller.go:166.2,166.68 1 0
github.com/bobz965/kube-ovn-operator/internal/controller/vpngw_controller.go:166.68,169.3 2 0
github.com/bobz965/kube-ovn-operator/internal/controller/vpngw_controller.go:170.2,170.62 1 0
github.com/bobz965/kube-ovn-operator/internal/controller/vpngw_controller.go:170.62,173.3 2 0
github.com/bobz965/kube-ovn-operator/internal/controller/vpngw_controller.go:174.2,174.14 1 0
github.com/bobz965/kube-ovn-operator/internal/controller/vpngw_controller.go:177.123,184.51 6 0
github.com/bobz965/kube-ovn-operator/internal/controller/vpngw_controller.go:184.51,186.3 1 0
github.com/bobz965/kube-ovn-operator/internal/controller/vpngw_controller.go:187.2,191.41 2 0
github.com/bobz965/kube-ovn-operator/internal/controller/vpngw_controller.go:191.41,193.3 1 0
github.com/bobz965/kube-ovn-operator/internal/controller/vpngw_controller.go:195.2,196.37 2 0
github.com/bobz965/kube-ovn-operator/internal/controller/vpngw_controller.go:196.37,198.22 2 0
github.com/bobz965/kube-ovn-operator/internal/controller/vpngw_controller.go:198.22,199.12 1 0
github.com/bobz965/kube-ovn-operator/internal/controller/vpngw_controller.go:201.3,201.71 1 0
github.com/bobz965/kube-ovn-operator/internal/controller/vpngw_controller.go:204.2,205.26 2 0
github.com/bobz965/kube-ovn-operator/internal/controller/vpngw_controller.go:205.26,241.3 2 0
github.com/bobz965/kube-ovn-operator/internal/controller/vpngw_controller.go:242.2,242.28 1 0
github.com/bobz965/kube-ovn-operator/internal/controller/vpngw_controller.go:242.28,255.3 2 0
github.com/bobz965/kube-ovn-operator/internal/controller/vpngw_controller.go:257.2,288.8 3 0
github.com/bobz965/kube-ovn-operator/internal/controller/vpngw_controller.go:292.58,297.2 1 0
github.com/bobz965/kube-ovn-operator/internal/controller/vpngw_controller.go:299.97,309.16 7 0
github.com/bobz965/kube-ovn-operator/internal/controller/vpngw_controller.go:309.16,310.32 1 0
github.com/bobz965/kube-ovn-operator/internal/controller/vpngw_controller.go:310.32,312.4 1 0
github.com/bobz965/kube-ovn-operator/internal/controller/vpngw_controller.go:312.9,315.4 2 0
github.com/bobz965/kube-ovn-operator/internal/controller/vpngw_controller.go:317.2,317.18 1 0
github.com/bobz965/kube-ovn-operator/internal/controller/vpngw_controller.go:317.18,320.17 3 0
github.com/bobz965/kube-ovn-operator/internal/controller/vpngw_controller.go:320.17,323.4 2 0
github.com/bobz965/kube-ovn-operator/internal/controller/vpngw_controller.go:324.3,325.17 2 0
github.com/bobz965/kube-ovn-operator/internal/controller/vpngw_controller.go:325.17,328.4 2 0
github.com/bobz965/kube-ovn-operator/internal/controller/vpngw_controller.go:329.3,329.26 1 0
github.com/bobz965/kube-ovn-operator/internal/controller/vpngw_controller.go:331.2,332.38 2 0
github.com/bobz965/kube-ovn-operator/internal/controller/vpngw_controller.go:332.38,334.3 1 0
github.com/bobz965/kube-ovn-operator/internal/controller/vpngw_controller.go:335.2,335.18 1 0
github.com/bobz965/kube-ovn-operator/internal/controller/vpngw_controller.go:335.18,338.17 3 0
github.com/bobz965/kube-ovn-operator/internal/controller/vpngw_controller.go:338.17,341.4 2 0
github.com/bobz965/kube-ovn-operator/internal/controller/vpngw_controller.go:342.3,343.17 2 0
github.com/bobz965/kube-ovn-operator/internal/controller/vpngw_controller.go:343.17,346.4 2 0
github.com/bobz965/kube-ovn-operator/internal/controller/vpngw_controller.go:347.3,347.26 1 0
github.com/bobz965/kube-ovn-operator/internal/controller/vpngw_controller.go:349.2,349.25 1 0
github.com/bobz965/kube-ovn-operator/internal/controller/vpngw_controller.go:362.97,371.16 6 0
github.com/bobz965/kube-ovn-operator/internal/controller/vpngw_controller.go:371.16,374.3 2 0
github.com/bobz965/kube-ovn-operator/internal/controller/vpngw_controller.go:375.2,375.15 1 0
github.com/bobz965/kube-ovn-operator/internal/controller/vpngw_controller.go:375.15,377.3 1 0
github.com/bobz965/kube-ovn-operator/internal/controller/vpngw_controller.go:379.2,379.60 1 0
github.com/bobz965/kube-ovn-operator/internal/controller/vpngw_controller.go:379.60,382.3 2 0
github.com/bobz965/kube-ovn-operator/internal/controller/vpngw_controller.go:385.2,389.13 3 0
github.com/bobz965/kube-ovn-operator/internal/controller/vpngw_controller.go:390.22,393.33 3 0
github.com/bobz965/kube-ovn-operator/internal/controller/vpngw_controller.go:394.29,397.28 3 0
github.com/bobz965/kube-ovn-operator/internal/controller/vpngw_controller.go:399.2,399.27 1 0
github.com/bobz965/kube-ovn-operator/internal/controller/vpngw_controller.go:403.68,408.38 1 0
github.com/bobz965/kube-ovn-operator/internal/controller/vpngw_controller.go:408.38,410.14 2 0
github.com/bobz965/kube-ovn-operator/internal/controller/vpngw_controller.go:410.14,414.8 3 0
github.com/bobz965/kube-ovn-operator/internal/controller/vpngw_controller.go:415.7,416.18 2 0
github.com/bobz965/kube-ovn-operator/internal/controller/vpngw_controller.go:425.108,428.31 3 0
github.com/bobz965/kube-ovn-operator/internal/controller/vpngw_controller.go:428.31,430.3 1 0
github.com/bobz965/kube-ovn-operator/internal/controller/vpngw_controller.go:431.2,431.16 1 0
github.com/bobz965/kube-ovn-operator/internal/controller/vpngw_controller.go:431.16,433.3 1 0
github.com/bobz965/kube-ovn-operator/internal/controller/vpngw_controller.go:434.2,434.18 1 0
